<?xml version="1.0" encoding="UTF-8"?>
<testsuite xmlns:xsi="http://www.w3.org/2001/XMLSchema-instance" xsi:noNamespaceSchemaLocation="https://maven.apache.org/surefire/maven-surefire-plugin/xsd/surefire-test-report.xsd" name="com.denny.AppTest" time="0.082" tests="1" errors="0" skipped="0" failures="0">
  <properties>
    <property name="gopherProxySet" value="false"/>
    <property name="awt.toolkit" value="sun.lwawt.macosx.LWCToolkit"/>
    <property name="file.encoding.pkg" value="sun.io"/>
    <property name="java.specification.version" value="1.8"/>
    <property name="sun.cpu.isalist" value=""/>
    <property name="sun.jnu.encoding" value="UTF-8"/>
    <property name="java.class.path" value="/Users/denny/Documents/gupaoedu/SourceAnalysisTopic/MyBatisSourceAnalysis/MyBatisInAction/mybatis-demo/target/test-classes:/Users/denny/Documents/gupaoedu/SourceAnalysisTopic/MyBatisSourceAnalysis/MyBatisInAction/mybatis-demo/target/classes:/Users/denny/mvn-local/repo/org/mybatis/mybatis/3.4.2/mybatis-3.4.2.jar:/Users/denny/mvn-local/repo/org/projectlombok/lombok/1.16.6/lombok-1.16.6.jar:/Users/denny/mvn-local/repo/mysql/mysql-connector-java/6.0.6/mysql-connector-java-6.0.6.jar:/Users/denny/mvn-local/repo/com/alibaba/fastjson/1.1.35/fastjson-1.1.35.jar:/Users/denny/mvn-local/repo/org/slf4j/slf4j-api/1.7.21/slf4j-api-1.7.21.jar:/Users/denny/mvn-local/repo/ch/qos/logback/logback-core/1.1.7/logback-core-1.1.7.jar:/Users/denny/mvn-local/repo/ch/qos/logback/logback-classic/1.1.7/logback-classic-1.1.7.jar:/Users/denny/mvn-local/repo/org/springframework/spring-aspects/5.0.1.RELEASE/spring-aspects-5.0.1.RELEASE.jar:/Users/denny/mvn-local/repo/org/aspectj/aspectjweaver/1.8.12/aspectjweaver-1.8.12.jar:/Users/denny/mvn-local/repo/org/springframework/spring-aop/5.0.1.RELEASE/spring-aop-5.0.1.RELEASE.jar:/Users/denny/mvn-local/repo/org/springframework/spring-beans/5.0.1.RELEASE/spring-beans-5.0.1.RELEASE.jar:/Users/denny/mvn-local/repo/org/springframework/spring-core/5.0.1.RELEASE/spring-core-5.0.1.RELEASE.jar:/Users/denny/mvn-local/repo/org/springframework/spring-jcl/5.0.1.RELEASE/spring-jcl-5.0.1.RELEASE.jar:/Users/denny/mvn-local/repo/org/aspectj/aspectjrt/1.8.12/aspectjrt-1.8.12.jar:/Users/denny/mvn-local/repo/org/aspectj/aspectjtools/1.8.12/aspectjtools-1.8.12.jar:/Users/denny/mvn-local/repo/junit/junit/4.11/junit-4.11.jar:/Users/denny/mvn-local/repo/org/hamcrest/hamcrest-core/1.3/hamcrest-core-1.3.jar:"/>
    <property name="java.vm.vendor" value="Oracle Corporation"/>
    <property name="sun.arch.data.model" value="64"/>
    <property name="java.vendor.url" value="http://java.oracle.com/"/>
    <property name="user.timezone" value=""/>
    <property name="java.vm.specification.version" value="1.8"/>
    <property name="os.name" value="Mac OS X"/>
    <property name="user.country" value="CN"/>
    <property name="sun.java.launcher" value="SUN_STANDARD"/>
    <property name="sun.boot.library.path" value="/Library/Java/JavaVirtualMachines/jdk1.8.0_181.jdk/Contents/Home/jre/lib"/>
    <property name="sun.java.command" value="/Users/denny/Documents/gupaoedu/SourceAnalysisTopic/MyBatisSourceAnalysis/MyBatisInAction/mybatis-demo/target/surefire/surefirebooter907154542752371070.jar /Users/denny/Documents/gupaoedu/SourceAnalysisTopic/MyBatisSourceAnalysis/MyBatisInAction/mybatis-demo/target/surefire 2019-02-18T17-38-45_502-jvmRun1 surefire2332925825649494010tmp surefire_02523722781810413545tmp"/>
    <property name="http.nonProxyHosts" value="local|*.local|169.254/16|*.169.254/16"/>
    <property name="surefire.test.class.path" value="/Users/denny/Documents/gupaoedu/SourceAnalysisTopic/MyBatisSourceAnalysis/MyBatisInAction/mybatis-demo/target/test-classes:/Users/denny/Documents/gupaoedu/SourceAnalysisTopic/MyBatisSourceAnalysis/MyBatisInAction/mybatis-demo/target/classes:/Users/denny/mvn-local/repo/org/mybatis/mybatis/3.4.2/mybatis-3.4.2.jar:/Users/denny/mvn-local/repo/org/projectlombok/lombok/1.16.6/lombok-1.16.6.jar:/Users/denny/mvn-local/repo/mysql/mysql-connector-java/6.0.6/mysql-connector-java-6.0.6.jar:/Users/denny/mvn-local/repo/com/alibaba/fastjson/1.1.35/fastjson-1.1.35.jar:/Users/denny/mvn-local/repo/org/slf4j/slf4j-api/1.7.21/slf4j-api-1.7.21.jar:/Users/denny/mvn-local/repo/ch/qos/logback/logback-core/1.1.7/logback-core-1.1.7.jar:/Users/denny/mvn-local/repo/ch/qos/logback/logback-classic/1.1.7/logback-classic-1.1.7.jar:/Users/denny/mvn-local/repo/org/springframework/spring-aspects/5.0.1.RELEASE/spring-aspects-5.0.1.RELEASE.jar:/Users/denny/mvn-local/repo/org/aspectj/aspectjweaver/1.8.12/aspectjweaver-1.8.12.jar:/Users/denny/mvn-local/repo/org/springframework/spring-aop/5.0.1.RELEASE/spring-aop-5.0.1.RELEASE.jar:/Users/denny/mvn-local/repo/org/springframework/spring-beans/5.0.1.RELEASE/spring-beans-5.0.1.RELEASE.jar:/Users/denny/mvn-local/repo/org/springframework/spring-core/5.0.1.RELEASE/spring-core-5.0.1.RELEASE.jar:/Users/denny/mvn-local/repo/org/springframework/spring-jcl/5.0.1.RELEASE/spring-jcl-5.0.1.RELEASE.jar:/Users/denny/mvn-local/repo/org/aspectj/aspectjrt/1.8.12/aspectjrt-1.8.12.jar:/Users/denny/mvn-local/repo/org/aspectj/aspectjtools/1.8.12/aspectjtools-1.8.12.jar:/Users/denny/mvn-local/repo/junit/junit/4.11/junit-4.11.jar:/Users/denny/mvn-local/repo/org/hamcrest/hamcrest-core/1.3/hamcrest-core-1.3.jar:"/>
    <property name="sun.cpu.endian" value="little"/>
    <property name="user.home" value="/Users/denny"/>
    <property name="user.language" value="zh"/>
    <property name="java.specification.vendor" value="Oracle Corporation"/>
    <property name="java.home" value="/Library/Java/JavaVirtualMachines/jdk1.8.0_181.jdk/Contents/Home/jre"/>
    <property name="basedir" value="/Users/denny/Documents/gupaoedu/SourceAnalysisTopic/MyBatisSourceAnalysis/MyBatisInAction/mybatis-demo"/>
    <property name="file.separator" value="/"/>
    <property name="line.separator" value="&#10;"/>
    <property name="java.vm.specification.vendor" value="Oracle Corporation"/>
    <property name="java.specification.name" value="Java Platform API Specification"/>
    <property name="java.awt.graphicsenv" value="sun.awt.CGraphicsEnvironment"/>
    <property name="surefire.real.class.path" value="/Users/denny/Documents/gupaoedu/SourceAnalysisTopic/MyBatisSourceAnalysis/MyBatisInAction/mybatis-demo/target/surefire/surefirebooter907154542752371070.jar"/>
    <property name="sun.boot.class.path" value="/Library/Java/JavaVirtualMachines/jdk1.8.0_181.jdk/Contents/Home/jre/lib/resources.jar:/Library/Java/JavaVirtualMachines/jdk1.8.0_181.jdk/Contents/Home/jre/lib/rt.jar:/Library/Java/JavaVirtualMachines/jdk1.8.0_181.jdk/Contents/Home/jre/lib/sunrsasign.jar:/Library/Java/JavaVirtualMachines/jdk1.8.0_181.jdk/Contents/Home/jre/lib/jsse.jar:/Library/Java/JavaVirtualMachines/jdk1.8.0_181.jdk/Contents/Home/jre/lib/jce.jar:/Library/Java/JavaVirtualMachines/jdk1.8.0_181.jdk/Contents/Home/jre/lib/charsets.jar:/Library/Java/JavaVirtualMachines/jdk1.8.0_181.jdk/Contents/Home/jre/lib/jfr.jar:/Library/Java/JavaVirtualMachines/jdk1.8.0_181.jdk/Contents/Home/jre/classes"/>
    <property name="sun.management.compiler" value="HotSpot 64-Bit Tiered Compilers"/>
    <property name="ftp.nonProxyHosts" value="local|*.local|169.254/16|*.169.254/16"/>
    <property name="java.runtime.version" value="1.8.0_181-b13"/>
    <property name="user.name" value="denny"/>
    <property name="path.separator" value=":"/>
    <property name="os.version" value="10.12.6"/>
    <property name="java.endorsed.dirs" value="/Library/Java/JavaVirtualMachines/jdk1.8.0_181.jdk/Contents/Home/jre/lib/endorsed"/>
    <property name="java.runtime.name" value="Java(TM) SE Runtime Environment"/>
    <property name="file.encoding" value="UTF-8"/>
    <property name="java.vm.name" value="Java HotSpot(TM) 64-Bit Server VM"/>
    <property name="localRepository" value="/Users/denny/mvn-local/repo"/>
    <property name="java.vendor.url.bug" value="http://bugreport.sun.com/bugreport/"/>
    <property name="java.io.tmpdir" value="/var/folders/23/w6s_ypgj7n33z08ycgsyvl_80000gn/T/"/>
    <property name="java.version" value="1.8.0_181"/>
    <property name="user.dir" value="/Users/denny/Documents/gupaoedu/SourceAnalysisTopic/MyBatisSourceAnalysis/MyBatisInAction/mybatis-demo"/>
    <property name="os.arch" value="x86_64"/>
    <property name="java.vm.specification.name" value="Java Virtual Machine Specification"/>
    <property name="java.awt.printerjob" value="sun.lwawt.macosx.CPrinterJob"/>
    <property name="sun.os.patch.level" value="unknown"/>
    <property name="java.library.path" value="/Users/denny/Library/Java/Extensions:/Library/Java/Extensions:/Network/Library/Java/Extensions:/System/Library/Java/Extensions:/usr/lib/java:."/>
    <property name="java.vm.info" value="mixed mode"/>
    <property name="java.vendor" value="Oracle Corporation"/>
    <property name="java.vm.version" value="25.181-b13"/>
    <property name="java.ext.dirs" value="/Users/denny/Library/Java/Extensions:/Library/Java/JavaVirtualMachines/jdk1.8.0_181.jdk/Contents/Home/jre/lib/ext:/Library/Java/Extensions:/Network/Library/Java/Extensions:/System/Library/Java/Extensions:/usr/lib/java"/>
    <property name="sun.io.unicode.encoding" value="UnicodeBig"/>
    <property name="java.class.version" value="52.0"/>
    <property name="socksNonProxyHosts" value="local|*.local|169.254/16|*.169.254/16"/>
  </properties>
  <testcase name="shouldAnswerWithTrue" classname="com.denny.AppTest" time="0.002"/>
</testsuite>